This is pdfTeX, Version 3.14159265-2.6-1.40.18 (TeX Live 2017) (preloaded format=pdflatex 2017.8.23)  2 APR 2019 16:19
entering extended mode
 restricted \write18 enabled.
 file:line:error style messages enabled.
 %&-line parsing enabled.
**paperPreamble.tex
(./paperPreamble.tex
LaTeX2e <2017-04-15>
Babel <3.12> and hyphenation patterns for 84 language(s) loaded.

./paperPreamble.tex:1: LaTeX Error: \usepackage before \documentclass.

See the LaTeX manual or LaTeX Companion for explanation.
Type  H <return>  for immediate help.
 ...                                              
                                                  
l.1 \usepackage{
                graphics, euscript, float,blkarray, listings}
? 
./paperPreamble.tex:1: Emergency stop.
 ...                                              
                                                  
l.1 \usepackage{
                graphics, euscript, float,blkarray, listings}
\usepackage may only appear in the document preamble, i.e.,
between \documentclass and \begin{document}.

 
Here is how much of TeX's memory you used:
 6 strings out of 492990
 293 string characters out of 6132636
 54148 words of memory out of 5000000
 3663 multiletter control sequences out of 15000+600000
 3640 words of font info for 14 fonts, out of 8000000 for 9000
 1141 hyphenation exceptions out of 8191
 5i,0n,5p,77b,14s stack positions out of 5000i,500n,10000p,200000b,80000s
./paperPreamble.tex:1:  ==> Fatal error occurred, no output PDF file produced!
